<?xml version="1.0" encoding="UTF-8"?>
<!DOCTYPE mapper PUBLIC "-//mybatis.org//DTD Mapper 3.0//EN" "http://mybatis.org/dtd/mybatis-3-mapper.dtd">
<mapper namespace="test">

<!-- 특정 고객정보 조회 -->
<select id='test' resultType='Integer'>
	select 1 numt from dual
</select>


</mapper>